Arguments: 
  C:\Program Files\nodejs\node.exe C:\Users\Long\AppData\Roaming\npm\node_modules\yarn\bin\yarn.js add tailwind-css

PATH: 
  C:\Program Files (x86)\Common Files\Intel\Shared Libraries\redist\intel64\compiler;C:\WINDOWS\system32;C:\WINDOWS;C:\WINDOWS\System32\Wbem;C:\WINDOWS\System32\WindowsPowerShell\v1.0\;C:\WINDOWS\System32\OpenSSH\;C:\Program Files (x86)\Microsoft SQL Server\150\DTS\Binn\;C:\Program Files\Azure Data Studio\bin;C:\ProgramData\chocolatey\bin;C:\Program Files\Microsoft SQL Server\Client SDK\ODBC\170\Tools\Binn\;C:\Program Files (x86)\Microsoft SQL Server\150\Tools\Binn\;C:\Program Files\Microsoft SQL Server\150\Tools\Binn\;C:\Program Files\Microsoft SQL Server\150\DTS\Binn\;C:\Users\Long\AppData\Roaming\npm\ng.ps1;C:\Program Files\dotnet\;C:\Program Files\MongoDB\Server\5.0\bin;C:\Program Files\Microsoft SQL Server\130\Tools\Binn\;C:\Program Files (x86)\Microsoft SQL Server\110\DTS\Binn\;C:\Program Files (x86)\Microsoft SQL Server\120\DTS\Binn\;C:\Program Files (x86)\Microsoft SQL Server\130\DTS\Binn\;C:\Program Files (x86)\Microsoft SQL Server\140\DTS\Binn\;C:\Program Files\Git\cmd;C:\Users\Long\AppData\Local\Programs\Python\Python39;C:\Users\Long\AppData\Local\Programs\Python\Python39\Scripts;C:\Program Files\heroku\bin;C:\Program Files\Git LFS;C:\xampp\php\php.exe;C:\xampp\php;%NVM_HOME%;%NVM_SYMLINK%;C:\Users\Long\AppData\Local\Programs\Python\Python39\Scripts\;C:\Users\Long\AppData\Local\Programs\Python\Python39\;C:\Users\Long\AppData\Local\Microsoft\WindowsApps;C:\Users\Long\AppData\Local\Programs\Microsoft VS Code\bin;C:\Program Files\Azure Data Studio\bin;C:\Users\Long\AppData\Roaming\npm;C:\Users\Long\AppData\Roaming\npm\ng.ps1;C:\Users\Long\.dotnet\tools;C:\Program Files\MongoDB\Server\5.0\bin;C:\Program Files\JetBrains\DataGrip 2022.1.5\bin;;C:\Program Files\heroku\bin;C:\Users\Long\AppData\Local\Google\Cloud SDK\google-cloud-sdk\bin;C:\xampp\php\php.exe;C:\xampp\php;C:\Users\Long\AppData\Roaming\nvm;C:\Program Files\nodejs

Yarn version: 
  1.22.19

Node version: 
  16.14.2

Platform: 
  win32 x64

Trace: 
  Error: https://registry.yarnpkg.com/tailwind-css: Not found
      at Request.params.callback [as _callback] (C:\Users\Long\AppData\Roaming\npm\node_modules\yarn\lib\cli.js:66145:18)
      at Request.self.callback (C:\Users\Long\AppData\Roaming\npm\node_modules\yarn\lib\cli.js:140890:22)
      at Request.emit (node:events:526:28)
      at Request.<anonymous> (C:\Users\Long\AppData\Roaming\npm\node_modules\yarn\lib\cli.js:141862:10)
      at Request.emit (node:events:526:28)
      at IncomingMessage.<anonymous> (C:\Users\Long\AppData\Roaming\npm\node_modules\yarn\lib\cli.js:141784:12)
      at Object.onceWrapper (node:events:645:28)
      at IncomingMessage.emit (node:events:538:35)
      at endReadableNT (node:internal/streams/readable:1345:12)
      at processTicksAndRejections (node:internal/process/task_queues:83:21)

npm manifest: 
  {
    "name": "play-tail",
    "version": "1.0.0",
    "main": "index.js",
    "author": "conanak99 <huyhoang8a5@gmail.com>",
    "scripts": {
      "dev": "npx tailwindcss -i ./style.css -o ./dist/output.css --watch"
    },
    "license": "MIT"
  }

yarn manifest: 
  No manifest

Lockfile: 
  No lockfile
